WdgMtb: ACCESS depth1_om@EXTRUSION is AVAILABLE (CB)
WdgMtb: ACCESS depth1_om@EXTRUSION is AVAILABLE (CB)
WdgMtb: ACCESS depth1_om@EXTRUSION is AVAILABLE (CB)
WdgMtb: ACCESS depth1_om@EXTRUSION is AVAILABLE (CB)
WdgMtb: ACCESS depth2_set_popup@extrev_feature_popup@EXTRUSION is AVAILABLE (CB)
WdgMtb: ACCESS depth1_om@EXTRUSION is AVAILABLE (CB)
WdgMtb: ACCESS depth2_set_popup@extrev_feature_popup@EXTRUSION is AVAILABLE (CB)
WdgMtb: ACCESS depth1_om@EXTRUSION is AVAILABLE (CB)
WdgMtb: ACCESS depth2_set_popup@extrev_feature_popup@EXTRUSION is AVAILABLE (CB)
WdgMtb: ACCESS depth1_om@EXTRUSION is AVAILABLE (CB)
WdgMtb: ACCESS depth1_om@EXTRUSION is AVAILABLE (CB)
WdgMtb: ACCESS depth2_set_popup@extrev_feature_popup@EXTRUSION is AVAILABLE (CB)
WdgMtb: ACCESS depth1_om@EXTRUSION is AVAILABLE (CB)
WdgMtb: ACCESS depth2_set_popup@extrev_feature_popup@EXTRUSION is AVAILABLE (CB)
WdgMtb: ACCESS depth1_om@EXTRUSION is AVAILABLE (CB)
WdgMtb: ACCESS depth2_set_popup@extrev_feature_popup@EXTRUSION is AVAILABLE (CB)
WdgMtb: ACCESS shp_str_hole_to_dep_typ_omnu@HOLE is AVAILABLE (CB)
WdgMtb: ACCESS shp_str_hole_to_dep_typ_omnu@HOLE is AVAILABLE (CB)
WdgMtb: ACCESS shp_str_hole_to_dep_typ_omnu@HOLE is AVAILABLE (CB)
WdgMtb: ACCESS shp_str_hole_to_dep_typ_omnu@HOLE is AVAILABLE (CB)
WdgMtb: ACCESS shp_str_hole_to_dep_typ_omnu@HOLE is AVAILABLE (CB)
WdgMtb: ACCESS shp_str_hole_to_dep_typ_omnu@HOLE is AVAILABLE (CB)
WdgMtb: ACCESS shp_str_hole_to_dep_typ_omnu@HOLE is AVAILABLE (CB)
WdgMtb: ACCESS shp_str_hole_to_dep_typ_omnu@HOLE is AVAILABLE (CB)
WdgMtb: ACCESS shp_str_hole_to_dep_typ_omnu@HOLE is AVAILABLE (CB)
WdgMtb: ACCESS shp_str_hole_to_dep_typ_omnu@HOLE is AVAILABLE (CB)
WdgMtb: ACCESS shp_str_hole_to_dep_typ_omnu@HOLE is AVAILABLE (CB)
WdgMtb: ACCESS shp_str_hole_to_dep_typ_omnu@HOLE is AVAILABLE (CB)
WdgMtb: ACCESS shp_str_hole_to_dep_typ_omnu@HOLE is AVAILABLE (CB)
WdgMtb: ACCESS shp_str_hole_to_dep_typ_omnu@HOLE is AVAILABLE (CB)
WdgMtb: ACCESS ui_hle_light_wt_cbut@HOLE is AVAILABLE (CB)
WdgMtb: ACCESS HlemnuDepthToFlip@HoleDepRefRMBMenu@HOLE is AVAILABLE (CB)
WdgMtb: ACCESS ui_hole_plcmnt_type_omnu@HOLE is AVAILABLE (CB)
WdgMtb: ACCESS ui_hole_plcmnt_type_omnu@HOLE is AVAILABLE (CB)
WdgMtb: ACCESS ui_hole_plc_dir_omnu@ui_hole_plc_dir_opt_omnu@HOLE is unavailable (CB)
WdgMtb: ACCESS ui_hole_plc_dir_omnu@ui_hole_plc_dir_opt_omnu@HOLE is unavailable (CB)
WdgMtb: ACCESS ui_hole_plcmnt_type_omnu@HOLE is AVAILABLE (CB)
WdgMtb: ACCESS ui_hole_plc_dir_omnu@ui_hole_plc_dir_opt_omnu@HOLE is unavailable (CB)
WdgMtb: ACCESS ui_hole_plcmnt_type_omnu@HOLE is AVAILABLE (CB)
WdgMtb: ACCESS ui_hole_plcmnt_type_omnu@HOLE is AVAILABLE (CB)
WdgMtb: ACCESS ui_hole_plc_dir_omnu@ui_hole_plc_dir_opt_omnu@HOLE is unavailable (CB)
WdgMtb: ACCESS ui_hole_plc_dir_omnu@ui_hole_plc_dir_opt_omnu@HOLE is unavailable (CB)
WdgMtb: ACCESS ui_hle_top_clrn_cbut@ui_hole_top_clrn_rep@HOLE is AVAILABLE (CB)
WdgMtb: ACCESS shp_str_hole_to_dep_typ_omnu@HOLE is AVAILABLE (CB)
WdgMtb: ACCESS ui_hle_light_wt_cbut@HOLE is AVAILABLE (CB)
WdgMtb: ACCESS HlemnuDepthToFlip@HoleDepRefRMBMenu@HOLE is AVAILABLE (CB)
WdgMtb: ACCESS ui_hole_plcmnt_type_omnu@HOLE is AVAILABLE (CB)
WdgMtb: ACCESS ui_hole_plc_dir_omnu@ui_hole_plc_dir_opt_omnu@HOLE is unavailable (CB)
WdgMtb: ACCESS ui_hle_top_clrn_cbut@ui_hole_top_clrn_rep@HOLE is AVAILABLE (CB)
WdgMtb: ACCESS ui_hole_plc_dir_omnu@ui_hole_plc_dir_opt_omnu@HOLE is unavailable (CB)
WdgMtb: ACCESS ui_hole_plcmnt_type_omnu@HOLE is AVAILABLE (CB)
WdgMtb: ACCESS ui_hole_plcmnt_type_omnu@HOLE is AVAILABLE (CB)
WdgMtb: ACCESS ui_hole_plc_dir_omnu@ui_hole_plc_dir_opt_omnu@HOLE is unavailable (CB)
WdgMtb: ACCESS ui_hle_light_wt_cbut@HOLE is AVAILABLE (CB)
WdgMtb: ACCESS HlemnuDepthToFlip@HoleDepRefRMBMenu@HOLE is AVAILABLE (CB)
WdgMtb: ACCESS ui_hle_top_clrn_cbut@ui_hole_top_clrn_rep@HOLE is AVAILABLE (CB)
WdgMtb: ACCESS shp_str_hole_to_dep_typ_omnu@HOLE is AVAILABLE (CB)
WdgMtb: ACCESS ui_hle_light_wt_cbut@HOLE is AVAILABLE (CB)
WdgMtb: ACCESS HlemnuDepthToFlip@HoleDepRefRMBMenu@HOLE is AVAILABLE (CB)
WdgMtb: ACCESS ui_hole_plcmnt_type_omnu@HOLE is AVAILABLE (CB)
WdgMtb: ACCESS ui_hole_plc_dir_omnu@ui_hole_plc_dir_opt_omnu@HOLE is unavailable (CB)
WdgMtb: ACCESS ui_hle_top_clrn_cbut@ui_hole_top_clrn_rep@HOLE is AVAILABLE (CB)
WdgMtb: ACCESS shp_str_hole_to_dep_typ_omnu@HOLE is AVAILABLE (CB)
WdgMtb: ACCESS ui_hle_light_wt_cbut@HOLE is AVAILABLE (CB)
WdgMtb: ACCESS HlemnuDepthToFlip@HoleDepRefRMBMenu@HOLE is AVAILABLE (CB)
WdgMtb: ACCESS ui_hole_plcmnt_type_omnu@HOLE is AVAILABLE (CB)
WdgMtb: ACCESS ui_hole_plc_dir_omnu@ui_hole_plc_dir_opt_omnu@HOLE is unavailable (CB)
WdgMtb: ACCESS ui_hle_top_clrn_cbut@ui_hole_top_clrn_rep@HOLE is AVAILABLE (CB)
WdgMtb: ACCESS shp_str_hole_to_dep_typ_omnu@HOLE is AVAILABLE (CB)
WdgMtb: ACCESS ui_hle_light_wt_cbut@HOLE is AVAILABLE (CB)
WdgMtb: ACCESS HlemnuDepthToFlip@HoleDepRefRMBMenu@HOLE is AVAILABLE (CB)
WdgMtb: ACCESS ui_hole_plcmnt_type_omnu@HOLE is AVAILABLE (CB)
WdgMtb: ACCESS ui_hole_plc_dir_omnu@ui_hole_plc_dir_opt_omnu@HOLE is unavailable (CB)
WdgMtb: ACCESS ui_hle_top_clrn_cbut@ui_hole_top_clrn_rep@HOLE is AVAILABLE (CB)
WdgMtb: ACCESS ui_hole_plcmnt_type_omnu@HOLE is invisible (UI)
gdi32_comm_shutdown wait for polling thread timed out.
