0	1	M1:SYS_STATUS.voltage_battery	1.570900000000000e+4
0	1	M1:SYS_STATUS.current_battery	5.760000000000000e+2
1000	1	M1:SYS_STATUS.voltage_battery	1.571100000000000e+4
1000	1	M1:SYS_STATUS.current_battery	5.800000000000000e+2
1999	1	M1:SYS_STATUS.voltage_battery	1.568600000000000e+4
1999	1	M1:SYS_STATUS.current_battery	5.800000000000000e+2
2999	1	M1:SYS_STATUS.voltage_battery	1.566500000000000e+4
2999	1	M1:SYS_STATUS.current_battery	5.610000000000000e+2
3998	1	M1:SYS_STATUS.voltage_battery	1.566900000000000e+4
3998	1	M1:SYS_STATUS.current_battery	5.550000000000000e+2
5001	1	M1:SYS_STATUS.voltage_battery	1.561700000000000e+4
5001	1	M1:SYS_STATUS.current_battery	5.480000000000000e+2
5998	1	M1:SYS_STATUS.voltage_battery	1.559800000000000e+4
5998	1	M1:SYS_STATUS.current_battery	5.580000000000000e+2
7000	1	M1:SYS_STATUS.voltage_battery	1.562100000000000e+4
7000	1	M1:SYS_STATUS.current_battery	5.680000000000000e+2
7998	1	M1:SYS_STATUS.voltage_battery	1.561300000000000e+4
7998	1	M1:SYS_STATUS.current_battery	5.600000000000000e+2
9000	1	M1:SYS_STATUS.voltage_battery	1.563300000000000e+4
9000	1	M1:SYS_STATUS.current_battery	5.690000000000000e+2
10001	1	M1:SYS_STATUS.voltage_battery	1.563900000000000e+4
10001	1	M1:SYS_STATUS.current_battery	5.660000000000000e+2
10999	1	M1:SYS_STATUS.voltage_battery	1.557700000000000e+4
10999	1	M1:SYS_STATUS.current_battery	5.550000000000000e+2
12001	1	M1:SYS_STATUS.voltage_battery	1.555400000000000e+4
12001	1	M1:SYS_STATUS.current_battery	5.520000000000000e+2
12998	1	M1:SYS_STATUS.voltage_battery	1.558500000000000e+4
12998	1	M1:SYS_STATUS.current_battery	5.540000000000000e+2
13999	1	M1:SYS_STATUS.voltage_battery	1.561000000000000e+4
13999	1	M1:SYS_STATUS.current_battery	5.650000000000000e+2
14998	1	M1:SYS_STATUS.voltage_battery	1.560400000000000e+4
14998	1	M1:SYS_STATUS.current_battery	5.570000000000000e+2
16002	1	M1:SYS_STATUS.voltage_battery	1.556000000000000e+4
16002	1	M1:SYS_STATUS.current_battery	5.440000000000000e+2
17000	1	M1:SYS_STATUS.voltage_battery	1.558800000000000e+4
17000	1	M1:SYS_STATUS.current_battery	5.520000000000000e+2
17999	1	M1:SYS_STATUS.voltage_battery	1.560400000000000e+4
17999	1	M1:SYS_STATUS.current_battery	5.510000000000000e+2
19000	1	M1:SYS_STATUS.voltage_battery	1.560000000000000e+4
19000	1	M1:SYS_STATUS.current_battery	5.570000000000000e+2
20001	1	M1:SYS_STATUS.voltage_battery	1.561300000000000e+4
20001	1	M1:SYS_STATUS.current_battery	5.650000000000000e+2
20999	1	M1:SYS_STATUS.voltage_battery	1.555500000000000e+4
20999	1	M1:SYS_STATUS.current_battery	5.600000000000000e+2
22000	1	M1:SYS_STATUS.voltage_battery	1.558900000000000e+4
22000	1	M1:SYS_STATUS.current_battery	5.560000000000000e+2
22999	1	M1:SYS_STATUS.voltage_battery	1.559700000000000e+4
22999	1	M1:SYS_STATUS.current_battery	5.530000000000000e+2
23999	1	M1:SYS_STATUS.voltage_battery	1.559800000000000e+4
23999	1	M1:SYS_STATUS.current_battery	5.560000000000000e+2
24998	1	M1:SYS_STATUS.voltage_battery	1.560200000000000e+4
24998	1	M1:SYS_STATUS.current_battery	5.540000000000000e+2
25999	1	M1:SYS_STATUS.voltage_battery	1.560300000000000e+4
25999	1	M1:SYS_STATUS.current_battery	5.590000000000000e+2
26998	1	M1:SYS_STATUS.voltage_battery	1.558900000000000e+4
26998	1	M1:SYS_STATUS.current_battery	5.540000000000000e+2
27999	1	M1:SYS_STATUS.voltage_battery	1.560700000000000e+4
27999	1	M1:SYS_STATUS.current_battery	5.610000000000000e+2
28999	1	M1:SYS_STATUS.voltage_battery	1.558700000000000e+4
28999	1	M1:SYS_STATUS.current_battery	5.520000000000000e+2
29999	1	M1:SYS_STATUS.voltage_battery	1.559100000000000e+4
29999	1	M1:SYS_STATUS.current_battery	5.540000000000000e+2
30999	1	M1:SYS_STATUS.voltage_battery	1.555900000000000e+4
30999	1	M1:SYS_STATUS.current_battery	5.550000000000000e+2
31998	1	M1:SYS_STATUS.voltage_battery	1.556000000000000e+4
31998	1	M1:SYS_STATUS.current_battery	5.510000000000000e+2
32999	1	M1:SYS_STATUS.voltage_battery	1.557300000000000e+4
32999	1	M1:SYS_STATUS.current_battery	5.590000000000000e+2
34000	1	M1:SYS_STATUS.voltage_battery	1.557500000000000e+4
34000	1	M1:SYS_STATUS.current_battery	5.510000000000000e+2
34997	1	M1:SYS_STATUS.voltage_battery	1.557300000000000e+4
34997	1	M1:SYS_STATUS.current_battery	5.510000000000000e+2
35999	1	M1:SYS_STATUS.voltage_battery	1.553700000000000e+4
35999	1	M1:SYS_STATUS.current_battery	5.440000000000000e+2
37001	1	M1:SYS_STATUS.voltage_battery	1.551000000000000e+4
37001	1	M1:SYS_STATUS.current_battery	5.370000000000000e+2
38000	1	M1:SYS_STATUS.voltage_battery	1.557000000000000e+4
38000	1	M1:SYS_STATUS.current_battery	5.560000000000000e+2
38999	1	M1:SYS_STATUS.voltage_battery	1.556800000000000e+4
38999	1	M1:SYS_STATUS.current_battery	5.470000000000000e+2
39999	1	M1:SYS_STATUS.voltage_battery	1.557200000000000e+4
39999	1	M1:SYS_STATUS.current_battery	5.530000000000000e+2
40999	1	M1:SYS_STATUS.voltage_battery	1.551600000000000e+4
40999	1	M1:SYS_STATUS.current_battery	5.390000000000000e+2
41999	1	M1:SYS_STATUS.voltage_battery	1.554100000000000e+4
41999	1	M1:SYS_STATUS.current_battery	5.500000000000000e+2
43000	1	M1:SYS_STATUS.voltage_battery	1.555200000000000e+4
43000	1	M1:SYS_STATUS.current_battery	5.560000000000000e+2
43999	1	M1:SYS_STATUS.voltage_battery	1.556800000000000e+4
43999	1	M1:SYS_STATUS.current_battery	5.590000000000000e+2
44999	1	M1:SYS_STATUS.voltage_battery	1.556500000000000e+4
44999	1	M1:SYS_STATUS.current_battery	5.630000000000000e+2
45999	1	M1:SYS_STATUS.voltage_battery	1.551100000000000e+4
45999	1	M1:SYS_STATUS.current_battery	5.490000000000000e+2
46999	1	M1:SYS_STATUS.voltage_battery	1.551800000000000e+4
46999	1	M1:SYS_STATUS.current_battery	5.630000000000000e+2
48000	1	M1:SYS_STATUS.voltage_battery	1.553400000000000e+4
48000	1	M1:SYS_STATUS.current_battery	5.450000000000000e+2
48999	1	M1:SYS_STATUS.voltage_battery	1.554800000000000e+4
48999	1	M1:SYS_STATUS.current_battery	5.540000000000000e+2
49999	1	M1:SYS_STATUS.voltage_battery	1.554300000000000e+4
49999	1	M1:SYS_STATUS.current_battery	5.600000000000000e+2
51001	1	M1:SYS_STATUS.voltage_battery	1.550000000000000e+4
51001	1	M1:SYS_STATUS.current_battery	5.420000000000000e+2
52002	1	M1:SYS_STATUS.voltage_battery	1.550500000000000e+4
52002	1	M1:SYS_STATUS.current_battery	5.560000000000000e+2
53003	1	M1:SYS_STATUS.voltage_battery	1.553900000000000e+4
53003	1	M1:SYS_STATUS.current_battery	5.480000000000000e+2
