0	1	M1:SYS_STATUS.voltage_battery	1.156300000000000e+4
0	1	M1:SYS_STATUS.current_battery	1.360000000000000e+2
312	1	M1:SYS_STATUS.voltage_battery	1.157300000000000e+4
312	1	M1:SYS_STATUS.current_battery	1.420000000000000e+2
1314	1	M1:SYS_STATUS.voltage_battery	1.156600000000000e+4
1314	1	M1:SYS_STATUS.current_battery	1.340000000000000e+2
2314	1	M1:SYS_STATUS.voltage_battery	1.154300000000000e+4
2314	1	M1:SYS_STATUS.current_battery	1.320000000000000e+2
3313	1	M1:SYS_STATUS.voltage_battery	1.154100000000000e+4
3313	1	M1:SYS_STATUS.current_battery	1.330000000000000e+2
4313	1	M1:SYS_STATUS.voltage_battery	1.153100000000000e+4
4313	1	M1:SYS_STATUS.current_battery	1.320000000000000e+2
5312	1	M1:SYS_STATUS.voltage_battery	1.151600000000000e+4
5312	1	M1:SYS_STATUS.current_battery	1.320000000000000e+2
6315	1	M1:SYS_STATUS.voltage_battery	1.152400000000000e+4
6315	1	M1:SYS_STATUS.current_battery	1.360000000000000e+2
7315	1	M1:SYS_STATUS.voltage_battery	1.152000000000000e+4
7315	1	M1:SYS_STATUS.current_battery	1.380000000000000e+2
8313	1	M1:SYS_STATUS.voltage_battery	1.152000000000000e+4
8313	1	M1:SYS_STATUS.current_battery	1.320000000000000e+2
9312	1	M1:SYS_STATUS.voltage_battery	1.152600000000000e+4
9312	1	M1:SYS_STATUS.current_battery	1.330000000000000e+2
10312	1	M1:SYS_STATUS.voltage_battery	1.151000000000000e+4
10312	1	M1:SYS_STATUS.current_battery	1.290000000000000e+2
11315	1	M1:SYS_STATUS.voltage_battery	1.152400000000000e+4
11315	1	M1:SYS_STATUS.current_battery	1.310000000000000e+2
12314	1	M1:SYS_STATUS.voltage_battery	1.153900000000000e+4
12314	1	M1:SYS_STATUS.current_battery	1.370000000000000e+2
13313	1	M1:SYS_STATUS.voltage_battery	1.153000000000000e+4
13313	1	M1:SYS_STATUS.current_battery	1.300000000000000e+2
14313	1	M1:SYS_STATUS.voltage_battery	1.147400000000000e+4
14313	1	M1:SYS_STATUS.current_battery	1.300000000000000e+2
15315	1	M1:SYS_STATUS.voltage_battery	1.146000000000000e+4
15315	1	M1:SYS_STATUS.current_battery	1.270000000000000e+2
16313	1	M1:SYS_STATUS.voltage_battery	1.150800000000000e+4
16313	1	M1:SYS_STATUS.current_battery	1.280000000000000e+2
17317	1	M1:SYS_STATUS.voltage_battery	1.152600000000000e+4
17317	1	M1:SYS_STATUS.current_battery	1.340000000000000e+2
18313	1	M1:SYS_STATUS.voltage_battery	1.152500000000000e+4
18313	1	M1:SYS_STATUS.current_battery	1.330000000000000e+2
19313	1	M1:SYS_STATUS.voltage_battery	1.153800000000000e+4
19313	1	M1:SYS_STATUS.current_battery	1.390000000000000e+2
20312	1	M1:SYS_STATUS.voltage_battery	1.148900000000000e+4
20312	1	M1:SYS_STATUS.current_battery	1.250000000000000e+2
21315	1	M1:SYS_STATUS.voltage_battery	1.145400000000000e+4
21315	1	M1:SYS_STATUS.current_battery	1.220000000000000e+2
22313	1	M1:SYS_STATUS.voltage_battery	1.150800000000000e+4
22313	1	M1:SYS_STATUS.current_battery	1.340000000000000e+2
23314	1	M1:SYS_STATUS.voltage_battery	1.152300000000000e+4
23314	1	M1:SYS_STATUS.current_battery	1.330000000000000e+2
24313	1	M1:SYS_STATUS.voltage_battery	1.152000000000000e+4
24313	1	M1:SYS_STATUS.current_battery	1.300000000000000e+2
25312	1	M1:SYS_STATUS.voltage_battery	1.149200000000000e+4
25312	1	M1:SYS_STATUS.current_battery	1.270000000000000e+2
26314	1	M1:SYS_STATUS.voltage_battery	1.149200000000000e+4
26314	1	M1:SYS_STATUS.current_battery	1.350000000000000e+2
27313	1	M1:SYS_STATUS.voltage_battery	1.152200000000000e+4
27313	1	M1:SYS_STATUS.current_battery	1.360000000000000e+2
28313	1	M1:SYS_STATUS.voltage_battery	1.152500000000000e+4
28313	1	M1:SYS_STATUS.current_battery	1.320000000000000e+2
29312	1	M1:SYS_STATUS.voltage_battery	1.153400000000000e+4
29312	1	M1:SYS_STATUS.current_battery	1.350000000000000e+2
30312	1	M1:SYS_STATUS.voltage_battery	1.151000000000000e+4
30312	1	M1:SYS_STATUS.current_battery	1.260000000000000e+2
31312	1	M1:SYS_STATUS.voltage_battery	1.151600000000000e+4
31312	1	M1:SYS_STATUS.current_battery	1.310000000000000e+2
32314	1	M1:SYS_STATUS.voltage_battery	1.151500000000000e+4
32314	1	M1:SYS_STATUS.current_battery	1.300000000000000e+2
33315	1	M1:SYS_STATUS.voltage_battery	1.153900000000000e+4
33315	1	M1:SYS_STATUS.current_battery	1.390000000000000e+2
34313	1	M1:SYS_STATUS.voltage_battery	1.152600000000000e+4
34313	1	M1:SYS_STATUS.current_battery	1.310000000000000e+2
35312	1	M1:SYS_STATUS.voltage_battery	1.150000000000000e+4
35312	1	M1:SYS_STATUS.current_battery	1.250000000000000e+2
36313	1	M1:SYS_STATUS.voltage_battery	1.152400000000000e+4
36313	1	M1:SYS_STATUS.current_battery	1.330000000000000e+2
37313	1	M1:SYS_STATUS.voltage_battery	1.152100000000000e+4
37313	1	M1:SYS_STATUS.current_battery	1.300000000000000e+2
38313	1	M1:SYS_STATUS.voltage_battery	1.152900000000000e+4
38313	1	M1:SYS_STATUS.current_battery	1.350000000000000e+2
39313	1	M1:SYS_STATUS.voltage_battery	1.146400000000000e+4
39313	1	M1:SYS_STATUS.current_battery	1.230000000000000e+2
40312	1	M1:SYS_STATUS.voltage_battery	1.144700000000000e+4
40312	1	M1:SYS_STATUS.current_battery	1.250000000000000e+2
