0	1	M1:SYS_STATUS.voltage_battery	1.440200000000000e+4
0	1	M1:SYS_STATUS.current_battery	1.537000000000000e+3
1614	1	M1:SYS_STATUS.voltage_battery	1.437900000000000e+4
1614	1	M1:SYS_STATUS.current_battery	1.526000000000000e+3
3235	1	M1:SYS_STATUS.voltage_battery	1.434400000000000e+4
3235	1	M1:SYS_STATUS.current_battery	1.521000000000000e+3
4852	1	M1:SYS_STATUS.voltage_battery	1.432500000000000e+4
4852	1	M1:SYS_STATUS.current_battery	1.522000000000000e+3
6468	1	M1:SYS_STATUS.voltage_battery	1.426500000000000e+4
6468	1	M1:SYS_STATUS.current_battery	1.499000000000000e+3
8092	1	M1:SYS_STATUS.voltage_battery	1.429700000000000e+4
8092	1	M1:SYS_STATUS.current_battery	1.502000000000000e+3
9704	1	M1:SYS_STATUS.voltage_battery	1.431400000000000e+4
9704	1	M1:SYS_STATUS.current_battery	1.509000000000000e+3
11208	1	M1:SYS_STATUS.voltage_battery	1.430100000000000e+4
11208	1	M1:SYS_STATUS.current_battery	1.485000000000000e+3
12821	1	M1:SYS_STATUS.voltage_battery	1.429700000000000e+4
12821	1	M1:SYS_STATUS.current_battery	1.508000000000000e+3
14440	1	M1:SYS_STATUS.voltage_battery	1.427900000000000e+4
14440	1	M1:SYS_STATUS.current_battery	1.507000000000000e+3
16043	1	M1:SYS_STATUS.voltage_battery	1.428400000000000e+4
16043	1	M1:SYS_STATUS.current_battery	1.487000000000000e+3
17678	1	M1:SYS_STATUS.voltage_battery	1.422900000000000e+4
17678	1	M1:SYS_STATUS.current_battery	1.470000000000000e+3
19302	1	M1:SYS_STATUS.voltage_battery	1.426500000000000e+4
19302	1	M1:SYS_STATUS.current_battery	1.508000000000000e+3
20916	1	M1:SYS_STATUS.voltage_battery	1.428500000000000e+4
20916	1	M1:SYS_STATUS.current_battery	1.483000000000000e+3
22541	1	M1:SYS_STATUS.voltage_battery	1.428300000000000e+4
22541	1	M1:SYS_STATUS.current_battery	1.491000000000000e+3
24152	1	M1:SYS_STATUS.voltage_battery	1.428200000000000e+4
24152	1	M1:SYS_STATUS.current_battery	1.498000000000000e+3
25769	1	M1:SYS_STATUS.voltage_battery	1.428100000000000e+4
25769	1	M1:SYS_STATUS.current_battery	1.484000000000000e+3
27398	1	M1:SYS_STATUS.voltage_battery	1.426300000000000e+4
27398	1	M1:SYS_STATUS.current_battery	1.475000000000000e+3
29007	1	M1:SYS_STATUS.voltage_battery	1.426200000000000e+4
29007	1	M1:SYS_STATUS.current_battery	1.505000000000000e+3
30620	1	M1:SYS_STATUS.voltage_battery	1.425800000000000e+4
30620	1	M1:SYS_STATUS.current_battery	1.466000000000000e+3
32239	1	M1:SYS_STATUS.voltage_battery	1.425900000000000e+4
32239	1	M1:SYS_STATUS.current_battery	1.460000000000000e+3
33862	1	M1:SYS_STATUS.voltage_battery	1.425400000000000e+4
33862	1	M1:SYS_STATUS.current_battery	1.470000000000000e+3
35479	1	M1:SYS_STATUS.voltage_battery	1.427200000000000e+4
35479	1	M1:SYS_STATUS.current_battery	1.490000000000000e+3
36971	1	M1:SYS_STATUS.voltage_battery	1.424200000000000e+4
36971	1	M1:SYS_STATUS.current_battery	1.478000000000000e+3
38708	1	M1:SYS_STATUS.voltage_battery	1.426400000000000e+4
38708	1	M1:SYS_STATUS.current_battery	1.477000000000000e+3
40204	1	M1:SYS_STATUS.voltage_battery	1.423300000000000e+4
40204	1	M1:SYS_STATUS.current_battery	1.468000000000000e+3
41803	1	M1:SYS_STATUS.voltage_battery	1.424100000000000e+4
41803	1	M1:SYS_STATUS.current_battery	1.472000000000000e+3
