0	1	M1:SYS_STATUS.voltage_battery	1.144900000000000e+4
0	1	M1:SYS_STATUS.current_battery	0.000000000000000e+0
1629	1	M1:SYS_STATUS.voltage_battery	1.145100000000000e+4
1629	1	M1:SYS_STATUS.current_battery	0.000000000000000e+0
3243	1	M1:SYS_STATUS.voltage_battery	1.145800000000000e+4
3243	1	M1:SYS_STATUS.current_battery	0.000000000000000e+0
4859	1	M1:SYS_STATUS.voltage_battery	1.141600000000000e+4
4859	1	M1:SYS_STATUS.current_battery	0.000000000000000e+0
6471	1	M1:SYS_STATUS.voltage_battery	1.138800000000000e+4
6471	1	M1:SYS_STATUS.current_battery	2.170000000000000e+2
8090	1	M1:SYS_STATUS.voltage_battery	1.128000000000000e+4
8090	1	M1:SYS_STATUS.current_battery	8.520000000000000e+2
9707	1	M1:SYS_STATUS.voltage_battery	1.124200000000000e+4
9707	1	M1:SYS_STATUS.current_battery	8.700000000000000e+2
11226	1	M1:SYS_STATUS.voltage_battery	1.123400000000000e+4
11226	1	M1:SYS_STATUS.current_battery	8.680000000000000e+2
12827	1	M1:SYS_STATUS.voltage_battery	1.123600000000000e+4
12827	1	M1:SYS_STATUS.current_battery	8.700000000000000e+2
14448	1	M1:SYS_STATUS.voltage_battery	1.122600000000000e+4
14448	1	M1:SYS_STATUS.current_battery	8.670000000000000e+2
16065	1	M1:SYS_STATUS.voltage_battery	1.123000000000000e+4
16065	1	M1:SYS_STATUS.current_battery	8.650000000000000e+2
17699	1	M1:SYS_STATUS.voltage_battery	1.122300000000000e+4
17699	1	M1:SYS_STATUS.current_battery	8.640000000000000e+2
19299	1	M1:SYS_STATUS.voltage_battery	1.121600000000000e+4
19299	1	M1:SYS_STATUS.current_battery	8.660000000000000e+2
20916	1	M1:SYS_STATUS.voltage_battery	1.122200000000000e+4
20916	1	M1:SYS_STATUS.current_battery	8.650000000000000e+2
22536	1	M1:SYS_STATUS.voltage_battery	1.121900000000000e+4
22536	1	M1:SYS_STATUS.current_battery	8.640000000000000e+2
24146	1	M1:SYS_STATUS.voltage_battery	1.123000000000000e+4
24146	1	M1:SYS_STATUS.current_battery	8.580000000000000e+2
25776	1	M1:SYS_STATUS.voltage_battery	1.123000000000000e+4
25776	1	M1:SYS_STATUS.current_battery	8.530000000000000e+2
27389	1	M1:SYS_STATUS.voltage_battery	1.122500000000000e+4
27389	1	M1:SYS_STATUS.current_battery	8.460000000000000e+2
29006	1	M1:SYS_STATUS.voltage_battery	1.122500000000000e+4
29006	1	M1:SYS_STATUS.current_battery	8.370000000000000e+2
30624	1	M1:SYS_STATUS.voltage_battery	1.123700000000000e+4
30624	1	M1:SYS_STATUS.current_battery	8.380000000000000e+2
32359	1	M1:SYS_STATUS.voltage_battery	1.123000000000000e+4
32359	1	M1:SYS_STATUS.current_battery	8.450000000000000e+2
33755	1	M1:SYS_STATUS.voltage_battery	1.121600000000000e+4
33755	1	M1:SYS_STATUS.current_battery	8.460000000000000e+2
35371	1	M1:SYS_STATUS.voltage_battery	1.122400000000000e+4
35371	1	M1:SYS_STATUS.current_battery	8.490000000000000e+2
36983	1	M1:SYS_STATUS.voltage_battery	1.123500000000000e+4
36983	1	M1:SYS_STATUS.current_battery	8.500000000000000e+2
38618	1	M1:SYS_STATUS.voltage_battery	1.122300000000000e+4
38618	1	M1:SYS_STATUS.current_battery	8.390000000000000e+2
40332	1	M1:SYS_STATUS.voltage_battery	1.123600000000000e+4
40332	1	M1:SYS_STATUS.current_battery	8.440000000000000e+2
41838	1	M1:SYS_STATUS.voltage_battery	1.123300000000000e+4
41838	1	M1:SYS_STATUS.current_battery	8.410000000000000e+2
43471	1	M1:SYS_STATUS.voltage_battery	1.122800000000000e+4
43471	1	M1:SYS_STATUS.current_battery	8.420000000000000e+2
45097	1	M1:SYS_STATUS.voltage_battery	1.123800000000000e+4
45097	1	M1:SYS_STATUS.current_battery	8.410000000000000e+2
46683	1	M1:SYS_STATUS.voltage_battery	1.123500000000000e+4
46683	1	M1:SYS_STATUS.current_battery	8.480000000000000e+2
48302	1	M1:SYS_STATUS.voltage_battery	1.122400000000000e+4
48302	1	M1:SYS_STATUS.current_battery	8.480000000000000e+2
49920	1	M1:SYS_STATUS.voltage_battery	1.122800000000000e+4
49920	1	M1:SYS_STATUS.current_battery	8.520000000000000e+2
51540	1	M1:SYS_STATUS.voltage_battery	1.122600000000000e+4
51540	1	M1:SYS_STATUS.current_battery	8.520000000000000e+2
53153	1	M1:SYS_STATUS.voltage_battery	1.123000000000000e+4
53153	1	M1:SYS_STATUS.current_battery	8.610000000000000e+2
54769	1	M1:SYS_STATUS.voltage_battery	1.122600000000000e+4
54769	1	M1:SYS_STATUS.current_battery	8.500000000000000e+2
