0	1	M1:SYS_STATUS.voltage_battery	1.153200000000000e+4
0	1	M1:SYS_STATUS.current_battery	6.090000000000000e+2
1620	1	M1:SYS_STATUS.voltage_battery	1.144300000000000e+4
1620	1	M1:SYS_STATUS.current_battery	5.870000000000000e+2
3226	1	M1:SYS_STATUS.voltage_battery	1.139800000000000e+4
3226	1	M1:SYS_STATUS.current_battery	5.880000000000000e+2
4848	1	M1:SYS_STATUS.voltage_battery	1.146700000000000e+4
4848	1	M1:SYS_STATUS.current_battery	6.040000000000000e+2
6461	1	M1:SYS_STATUS.voltage_battery	1.147900000000000e+4
6461	1	M1:SYS_STATUS.current_battery	6.040000000000000e+2
8079	1	M1:SYS_STATUS.voltage_battery	1.148600000000000e+4
8079	1	M1:SYS_STATUS.current_battery	6.070000000000000e+2
9698	1	M1:SYS_STATUS.voltage_battery	1.142700000000000e+4
9698	1	M1:SYS_STATUS.current_battery	5.970000000000000e+2
11310	1	M1:SYS_STATUS.voltage_battery	1.141700000000000e+4
11310	1	M1:SYS_STATUS.current_battery	5.980000000000000e+2
12929	1	M1:SYS_STATUS.voltage_battery	1.145900000000000e+4
12929	1	M1:SYS_STATUS.current_battery	6.010000000000000e+2
14564	1	M1:SYS_STATUS.voltage_battery	1.145800000000000e+4
14564	1	M1:SYS_STATUS.current_battery	5.980000000000000e+2
16172	1	M1:SYS_STATUS.voltage_battery	1.140000000000000e+4
16172	1	M1:SYS_STATUS.current_battery	5.890000000000000e+2
17786	1	M1:SYS_STATUS.voltage_battery	1.138200000000000e+4
17786	1	M1:SYS_STATUS.current_battery	5.940000000000000e+2
19269	1	M1:SYS_STATUS.voltage_battery	1.137000000000000e+4
19269	1	M1:SYS_STATUS.current_battery	5.930000000000000e+2
20892	1	M1:SYS_STATUS.voltage_battery	1.142600000000000e+4
20892	1	M1:SYS_STATUS.current_battery	6.040000000000000e+2
22514	1	M1:SYS_STATUS.voltage_battery	1.146100000000000e+4
22514	1	M1:SYS_STATUS.current_battery	6.020000000000000e+2
24127	1	M1:SYS_STATUS.voltage_battery	1.143700000000000e+4
24127	1	M1:SYS_STATUS.current_battery	5.970000000000000e+2
25746	1	M1:SYS_STATUS.voltage_battery	1.144400000000000e+4
25746	1	M1:SYS_STATUS.current_battery	6.120000000000000e+2
27375	1	M1:SYS_STATUS.voltage_battery	1.148600000000000e+4
27375	1	M1:SYS_STATUS.current_battery	6.070000000000000e+2
28991	1	M1:SYS_STATUS.voltage_battery	1.142300000000000e+4
28991	1	M1:SYS_STATUS.current_battery	5.980000000000000e+2
30638	1	M1:SYS_STATUS.voltage_battery	1.145700000000000e+4
30638	1	M1:SYS_STATUS.current_battery	6.160000000000000e+2
32227	1	M1:SYS_STATUS.voltage_battery	1.147500000000000e+4
32227	1	M1:SYS_STATUS.current_battery	6.030000000000000e+2
33847	1	M1:SYS_STATUS.voltage_battery	1.141500000000000e+4
33847	1	M1:SYS_STATUS.current_battery	5.970000000000000e+2
35462	1	M1:SYS_STATUS.voltage_battery	1.146700000000000e+4
35462	1	M1:SYS_STATUS.current_battery	6.170000000000000e+2
37079	1	M1:SYS_STATUS.voltage_battery	1.148200000000000e+4
37079	1	M1:SYS_STATUS.current_battery	6.050000000000000e+2
38699	1	M1:SYS_STATUS.voltage_battery	1.141100000000000e+4
38699	1	M1:SYS_STATUS.current_battery	5.950000000000000e+2
40316	1	M1:SYS_STATUS.voltage_battery	1.140300000000000e+4
40316	1	M1:SYS_STATUS.current_battery	6.060000000000000e+2
