0	1	M1:SYS_STATUS.voltage_battery	1.137600000000000e+4
0	1	M1:SYS_STATUS.current_battery	9.830000000000000e+2
1520	1	M1:SYS_STATUS.voltage_battery	1.135300000000000e+4
1520	1	M1:SYS_STATUS.current_battery	9.750000000000000e+2
3135	1	M1:SYS_STATUS.voltage_battery	1.133900000000000e+4
3135	1	M1:SYS_STATUS.current_battery	9.860000000000000e+2
4740	1	M1:SYS_STATUS.voltage_battery	1.127200000000000e+4
4740	1	M1:SYS_STATUS.current_battery	9.640000000000000e+2
6345	1	M1:SYS_STATUS.voltage_battery	1.121200000000000e+4
6345	1	M1:SYS_STATUS.current_battery	9.620000000000000e+2
7979	1	M1:SYS_STATUS.voltage_battery	1.125700000000000e+4
7979	1	M1:SYS_STATUS.current_battery	9.880000000000000e+2
9590	1	M1:SYS_STATUS.voltage_battery	1.132000000000000e+4
9590	1	M1:SYS_STATUS.current_battery	9.770000000000000e+2
11214	1	M1:SYS_STATUS.voltage_battery	1.127500000000000e+4
11214	1	M1:SYS_STATUS.current_battery	9.660000000000000e+2
12831	1	M1:SYS_STATUS.voltage_battery	1.122200000000000e+4
12831	1	M1:SYS_STATUS.current_battery	9.700000000000000e+2
14446	1	M1:SYS_STATUS.voltage_battery	1.127100000000000e+4
14446	1	M1:SYS_STATUS.current_battery	9.730000000000000e+2
16071	1	M1:SYS_STATUS.voltage_battery	1.130700000000000e+4
16071	1	M1:SYS_STATUS.current_battery	9.780000000000000e+2
17700	1	M1:SYS_STATUS.voltage_battery	1.126400000000000e+4
17700	1	M1:SYS_STATUS.current_battery	9.620000000000000e+2
19309	1	M1:SYS_STATUS.voltage_battery	1.122200000000000e+4
19309	1	M1:SYS_STATUS.current_battery	9.560000000000000e+2
20917	1	M1:SYS_STATUS.voltage_battery	1.127500000000000e+4
20917	1	M1:SYS_STATUS.current_battery	9.740000000000000e+2
22543	1	M1:SYS_STATUS.voltage_battery	1.130800000000000e+4
22543	1	M1:SYS_STATUS.current_battery	9.800000000000000e+2
24160	1	M1:SYS_STATUS.voltage_battery	1.131000000000000e+4
24160	1	M1:SYS_STATUS.current_battery	9.720000000000000e+2
25768	1	M1:SYS_STATUS.voltage_battery	1.131900000000000e+4
25768	1	M1:SYS_STATUS.current_battery	9.740000000000000e+2
27274	1	M1:SYS_STATUS.voltage_battery	1.127500000000000e+4
27274	1	M1:SYS_STATUS.current_battery	9.630000000000000e+2
28874	1	M1:SYS_STATUS.voltage_battery	1.121000000000000e+4
28874	1	M1:SYS_STATUS.current_battery	9.550000000000000e+2
30492	1	M1:SYS_STATUS.voltage_battery	1.125500000000000e+4
30492	1	M1:SYS_STATUS.current_battery	9.630000000000000e+2
32114	1	M1:SYS_STATUS.voltage_battery	1.129500000000000e+4
32114	1	M1:SYS_STATUS.current_battery	9.780000000000000e+2
33745	1	M1:SYS_STATUS.voltage_battery	1.127800000000000e+4
33745	1	M1:SYS_STATUS.current_battery	9.650000000000000e+2
35369	1	M1:SYS_STATUS.voltage_battery	1.129900000000000e+4
35369	1	M1:SYS_STATUS.current_battery	9.730000000000000e+2
36987	1	M1:SYS_STATUS.voltage_battery	1.133200000000000e+4
36987	1	M1:SYS_STATUS.current_battery	9.760000000000000e+2
38601	1	M1:SYS_STATUS.voltage_battery	1.132100000000000e+4
38601	1	M1:SYS_STATUS.current_battery	9.710000000000000e+2
40216	1	M1:SYS_STATUS.voltage_battery	1.133600000000000e+4
40216	1	M1:SYS_STATUS.current_battery	9.690000000000000e+2
41834	1	M1:SYS_STATUS.voltage_battery	1.128200000000000e+4
41834	1	M1:SYS_STATUS.current_battery	9.620000000000000e+2
43458	1	M1:SYS_STATUS.voltage_battery	1.130000000000000e+4
43458	1	M1:SYS_STATUS.current_battery	9.790000000000000e+2
45074	1	M1:SYS_STATUS.voltage_battery	1.132800000000000e+4
45074	1	M1:SYS_STATUS.current_battery	9.730000000000000e+2
46687	1	M1:SYS_STATUS.voltage_battery	1.133400000000000e+4
46687	1	M1:SYS_STATUS.current_battery	9.710000000000000e+2
48187	1	M1:SYS_STATUS.voltage_battery	1.134800000000000e+4
48187	1	M1:SYS_STATUS.current_battery	9.840000000000000e+2
49814	1	M1:SYS_STATUS.voltage_battery	1.127600000000000e+4
49814	1	M1:SYS_STATUS.current_battery	9.600000000000000e+2
51416	1	M1:SYS_STATUS.voltage_battery	1.130500000000000e+4
51416	1	M1:SYS_STATUS.current_battery	9.700000000000000e+2
53038	1	M1:SYS_STATUS.voltage_battery	1.133400000000000e+4
53038	1	M1:SYS_STATUS.current_battery	9.740000000000000e+2
54648	1	M1:SYS_STATUS.voltage_battery	1.132000000000000e+4
54648	1	M1:SYS_STATUS.current_battery	9.650000000000000e+2
