0	1	M1:SYS_STATUS.voltage_battery	1.469100000000000e+4
0	1	M1:SYS_STATUS.current_battery	1.528000000000000e+3
1331	1	M1:SYS_STATUS.voltage_battery	1.463300000000000e+4
1331	1	M1:SYS_STATUS.current_battery	1.513000000000000e+3
2955	1	M1:SYS_STATUS.voltage_battery	1.460300000000000e+4
2955	1	M1:SYS_STATUS.current_battery	1.500000000000000e+3
4587	1	M1:SYS_STATUS.voltage_battery	1.462000000000000e+4
4587	1	M1:SYS_STATUS.current_battery	1.497000000000000e+3
6207	1	M1:SYS_STATUS.voltage_battery	1.459700000000000e+4
6207	1	M1:SYS_STATUS.current_battery	1.497000000000000e+3
7836	1	M1:SYS_STATUS.voltage_battery	1.459900000000000e+4
7836	1	M1:SYS_STATUS.current_battery	1.484000000000000e+3
9435	1	M1:SYS_STATUS.voltage_battery	1.459400000000000e+4
9435	1	M1:SYS_STATUS.current_battery	1.477000000000000e+3
11047	1	M1:SYS_STATUS.voltage_battery	1.458900000000000e+4
11047	1	M1:SYS_STATUS.current_battery	1.495000000000000e+3
12671	1	M1:SYS_STATUS.voltage_battery	1.454800000000000e+4
12671	1	M1:SYS_STATUS.current_battery	1.477000000000000e+3
14296	1	M1:SYS_STATUS.voltage_battery	1.454500000000000e+4
14296	1	M1:SYS_STATUS.current_battery	1.465000000000000e+3
15911	1	M1:SYS_STATUS.voltage_battery	1.456200000000000e+4
15911	1	M1:SYS_STATUS.current_battery	1.499000000000000e+3
17524	1	M1:SYS_STATUS.voltage_battery	1.457800000000000e+4
17524	1	M1:SYS_STATUS.current_battery	1.485000000000000e+3
19045	1	M1:SYS_STATUS.voltage_battery	1.455600000000000e+4
19045	1	M1:SYS_STATUS.current_battery	1.477000000000000e+3
20756	1	M1:SYS_STATUS.voltage_battery	1.452300000000000e+4
20756	1	M1:SYS_STATUS.current_battery	1.484000000000000e+3
22254	1	M1:SYS_STATUS.voltage_battery	1.454900000000000e+4
22254	1	M1:SYS_STATUS.current_battery	1.480000000000000e+3
23880	1	M1:SYS_STATUS.voltage_battery	1.456300000000000e+4
23880	1	M1:SYS_STATUS.current_battery	1.477000000000000e+3
25493	1	M1:SYS_STATUS.voltage_battery	1.454700000000000e+4
25493	1	M1:SYS_STATUS.current_battery	1.473000000000000e+3
27146	1	M1:SYS_STATUS.voltage_battery	1.452900000000000e+4
27146	1	M1:SYS_STATUS.current_battery	1.479000000000000e+3
28738	1	M1:SYS_STATUS.voltage_battery	1.454500000000000e+4
28738	1	M1:SYS_STATUS.current_battery	1.489000000000000e+3
30363	1	M1:SYS_STATUS.voltage_battery	1.454000000000000e+4
30363	1	M1:SYS_STATUS.current_battery	1.468000000000000e+3
31967	1	M1:SYS_STATUS.voltage_battery	1.451300000000000e+4
31967	1	M1:SYS_STATUS.current_battery	1.458000000000000e+3
33586	1	M1:SYS_STATUS.voltage_battery	1.453000000000000e+4
33586	1	M1:SYS_STATUS.current_battery	1.463000000000000e+3
35209	1	M1:SYS_STATUS.voltage_battery	1.452900000000000e+4
35209	1	M1:SYS_STATUS.current_battery	1.467000000000000e+3
36825	1	M1:SYS_STATUS.voltage_battery	1.451600000000000e+4
36825	1	M1:SYS_STATUS.current_battery	1.466000000000000e+3
38441	1	M1:SYS_STATUS.voltage_battery	1.452300000000000e+4
38441	1	M1:SYS_STATUS.current_battery	1.467000000000000e+3
40057	1	M1:SYS_STATUS.voltage_battery	1.450500000000000e+4
40057	1	M1:SYS_STATUS.current_battery	1.464000000000000e+3
41673	1	M1:SYS_STATUS.voltage_battery	1.452200000000000e+4
41673	1	M1:SYS_STATUS.current_battery	1.474000000000000e+3
43295	1	M1:SYS_STATUS.voltage_battery	1.448500000000000e+4
43295	1	M1:SYS_STATUS.current_battery	1.459000000000000e+3
