0	1	M1:SYS_STATUS.voltage_battery	1.504500000000000e+4
0	1	M1:SYS_STATUS.current_battery	2.050000000000000e+2
1615	1	M1:SYS_STATUS.voltage_battery	1.512200000000000e+4
1615	1	M1:SYS_STATUS.current_battery	2.040000000000000e+2
3229	1	M1:SYS_STATUS.voltage_battery	1.512500000000000e+4
3229	1	M1:SYS_STATUS.current_battery	2.060000000000000e+2
4847	1	M1:SYS_STATUS.voltage_battery	1.508000000000000e+4
4847	1	M1:SYS_STATUS.current_battery	2.090000000000000e+2
6456	1	M1:SYS_STATUS.voltage_battery	1.512600000000000e+4
6456	1	M1:SYS_STATUS.current_battery	2.010000000000000e+2
8078	1	M1:SYS_STATUS.voltage_battery	1.510400000000000e+4
8078	1	M1:SYS_STATUS.current_battery	2.010000000000000e+2
9694	1	M1:SYS_STATUS.voltage_battery	1.509300000000000e+4
9694	1	M1:SYS_STATUS.current_battery	2.080000000000000e+2
11312	1	M1:SYS_STATUS.voltage_battery	1.512700000000000e+4
11312	1	M1:SYS_STATUS.current_battery	2.050000000000000e+2
12929	1	M1:SYS_STATUS.voltage_battery	1.511600000000000e+4
12929	1	M1:SYS_STATUS.current_battery	2.060000000000000e+2
14549	1	M1:SYS_STATUS.voltage_battery	1.512000000000000e+4
14549	1	M1:SYS_STATUS.current_battery	2.120000000000000e+2
16161	1	M1:SYS_STATUS.voltage_battery	1.512800000000000e+4
16161	1	M1:SYS_STATUS.current_battery	2.020000000000000e+2
17687	1	M1:SYS_STATUS.voltage_battery	1.514300000000000e+4
17687	1	M1:SYS_STATUS.current_battery	2.080000000000000e+2
19266	1	M1:SYS_STATUS.voltage_battery	1.506200000000000e+4
19266	1	M1:SYS_STATUS.current_battery	2.010000000000000e+2
20899	1	M1:SYS_STATUS.voltage_battery	1.509400000000000e+4
20899	1	M1:SYS_STATUS.current_battery	2.010000000000000e+2
22509	1	M1:SYS_STATUS.voltage_battery	1.512000000000000e+4
22509	1	M1:SYS_STATUS.current_battery	2.060000000000000e+2
24139	1	M1:SYS_STATUS.voltage_battery	1.510000000000000e+4
24139	1	M1:SYS_STATUS.current_battery	2.060000000000000e+2
25765	1	M1:SYS_STATUS.voltage_battery	1.511500000000000e+4
25765	1	M1:SYS_STATUS.current_battery	2.040000000000000e+2
27367	1	M1:SYS_STATUS.voltage_battery	1.510100000000000e+4
27367	1	M1:SYS_STATUS.current_battery	1.970000000000000e+2
28994	1	M1:SYS_STATUS.voltage_battery	1.511300000000000e+4
28994	1	M1:SYS_STATUS.current_battery	2.080000000000000e+2
30611	1	M1:SYS_STATUS.voltage_battery	1.511400000000000e+4
30611	1	M1:SYS_STATUS.current_battery	1.970000000000000e+2
32230	1	M1:SYS_STATUS.voltage_battery	1.506100000000000e+4
32230	1	M1:SYS_STATUS.current_battery	1.960000000000000e+2
33867	1	M1:SYS_STATUS.voltage_battery	1.511200000000000e+4
33867	1	M1:SYS_STATUS.current_battery	2.110000000000000e+2
35463	1	M1:SYS_STATUS.voltage_battery	1.509000000000000e+4
35463	1	M1:SYS_STATUS.current_battery	1.980000000000000e+2
36998	1	M1:SYS_STATUS.voltage_battery	1.513600000000000e+4
36998	1	M1:SYS_STATUS.current_battery	2.100000000000000e+2
