0	1	M1:SYS_STATUS.voltage_battery	1.139900000000000e+4
0	1	M1:SYS_STATUS.current_battery	8.090000000000000e+2
1518	1	M1:SYS_STATUS.voltage_battery	1.140400000000000e+4
1518	1	M1:SYS_STATUS.current_battery	8.070000000000000e+2
3114	1	M1:SYS_STATUS.voltage_battery	1.141800000000000e+4
3114	1	M1:SYS_STATUS.current_battery	8.140000000000000e+2
4723	1	M1:SYS_STATUS.voltage_battery	1.140800000000000e+4
4723	1	M1:SYS_STATUS.current_battery	8.360000000000000e+2
6340	1	M1:SYS_STATUS.voltage_battery	1.141100000000000e+4
6340	1	M1:SYS_STATUS.current_battery	8.200000000000000e+2
7962	1	M1:SYS_STATUS.voltage_battery	1.138200000000000e+4
7962	1	M1:SYS_STATUS.current_battery	8.390000000000000e+2
9584	1	M1:SYS_STATUS.voltage_battery	1.134800000000000e+4
9584	1	M1:SYS_STATUS.current_battery	8.430000000000000e+2
11206	1	M1:SYS_STATUS.voltage_battery	1.139200000000000e+4
11206	1	M1:SYS_STATUS.current_battery	8.320000000000000e+2
12820	1	M1:SYS_STATUS.voltage_battery	1.137000000000000e+4
12820	1	M1:SYS_STATUS.current_battery	8.370000000000000e+2
14450	1	M1:SYS_STATUS.voltage_battery	1.136800000000000e+4
14450	1	M1:SYS_STATUS.current_battery	8.210000000000000e+2
16067	1	M1:SYS_STATUS.voltage_battery	1.140100000000000e+4
16067	1	M1:SYS_STATUS.current_battery	8.250000000000000e+2
17675	1	M1:SYS_STATUS.voltage_battery	1.135900000000000e+4
17675	1	M1:SYS_STATUS.current_battery	8.180000000000000e+2
19300	1	M1:SYS_STATUS.voltage_battery	1.130600000000000e+4
19300	1	M1:SYS_STATUS.current_battery	7.960000000000000e+2
20909	1	M1:SYS_STATUS.voltage_battery	1.129600000000000e+4
20909	1	M1:SYS_STATUS.current_battery	8.050000000000000e+2
22538	1	M1:SYS_STATUS.voltage_battery	1.135700000000000e+4
22538	1	M1:SYS_STATUS.current_battery	8.230000000000000e+2
24148	1	M1:SYS_STATUS.voltage_battery	1.139600000000000e+4
24148	1	M1:SYS_STATUS.current_battery	8.430000000000000e+2
25638	1	M1:SYS_STATUS.voltage_battery	1.140900000000000e+4
25638	1	M1:SYS_STATUS.current_battery	8.340000000000000e+2
27268	1	M1:SYS_STATUS.voltage_battery	1.141300000000000e+4
27268	1	M1:SYS_STATUS.current_battery	8.380000000000000e+2
28892	1	M1:SYS_STATUS.voltage_battery	1.140600000000000e+4
28892	1	M1:SYS_STATUS.current_battery	8.580000000000000e+2
30493	1	M1:SYS_STATUS.voltage_battery	1.141400000000000e+4
30493	1	M1:SYS_STATUS.current_battery	8.220000000000000e+2
32147	1	M1:SYS_STATUS.voltage_battery	1.135300000000000e+4
32147	1	M1:SYS_STATUS.current_battery	7.940000000000000e+2
33766	1	M1:SYS_STATUS.voltage_battery	1.139100000000000e+4
33766	1	M1:SYS_STATUS.current_battery	8.190000000000000e+2
35408	1	M1:SYS_STATUS.voltage_battery	1.140400000000000e+4
35408	1	M1:SYS_STATUS.current_battery	8.210000000000000e+2
36996	1	M1:SYS_STATUS.voltage_battery	1.141400000000000e+4
36996	1	M1:SYS_STATUS.current_battery	8.330000000000000e+2
38588	1	M1:SYS_STATUS.voltage_battery	1.136500000000000e+4
38588	1	M1:SYS_STATUS.current_battery	8.170000000000000e+2
40237	1	M1:SYS_STATUS.voltage_battery	1.137400000000000e+4
40237	1	M1:SYS_STATUS.current_battery	8.400000000000000e+2
41830	1	M1:SYS_STATUS.voltage_battery	1.140500000000000e+4
41830	1	M1:SYS_STATUS.current_battery	8.320000000000000e+2
43445	1	M1:SYS_STATUS.voltage_battery	1.137600000000000e+4
43445	1	M1:SYS_STATUS.current_battery	8.120000000000000e+2
45071	1	M1:SYS_STATUS.voltage_battery	1.138100000000000e+4
45071	1	M1:SYS_STATUS.current_battery	8.050000000000000e+2
46712	1	M1:SYS_STATUS.voltage_battery	1.140700000000000e+4
46712	1	M1:SYS_STATUS.current_battery	8.140000000000000e+2
