0	1	M1:SYS_STATUS.voltage_battery	1.153900000000000e+4
0	1	M1:SYS_STATUS.current_battery	0.000000000000000e+0
1629	1	M1:SYS_STATUS.voltage_battery	1.153200000000000e+4
1629	1	M1:SYS_STATUS.current_battery	0.000000000000000e+0
3236	1	M1:SYS_STATUS.voltage_battery	1.154100000000000e+4
3236	1	M1:SYS_STATUS.current_battery	0.000000000000000e+0
4848	1	M1:SYS_STATUS.voltage_battery	1.154300000000000e+4
4848	1	M1:SYS_STATUS.current_battery	0.000000000000000e+0
6463	1	M1:SYS_STATUS.voltage_battery	1.154000000000000e+4
6463	1	M1:SYS_STATUS.current_battery	0.000000000000000e+0
8096	1	M1:SYS_STATUS.voltage_battery	1.155000000000000e+4
8096	1	M1:SYS_STATUS.current_battery	0.000000000000000e+0
9715	1	M1:SYS_STATUS.voltage_battery	1.154800000000000e+4
9715	1	M1:SYS_STATUS.current_battery	0.000000000000000e+0
11321	1	M1:SYS_STATUS.voltage_battery	1.155400000000000e+4
11321	1	M1:SYS_STATUS.current_battery	0.000000000000000e+0
12821	1	M1:SYS_STATUS.voltage_battery	1.154100000000000e+4
12821	1	M1:SYS_STATUS.current_battery	0.000000000000000e+0
14435	1	M1:SYS_STATUS.voltage_battery	1.152900000000000e+4
14435	1	M1:SYS_STATUS.current_battery	0.000000000000000e+0
16173	1	M1:SYS_STATUS.voltage_battery	1.141600000000000e+4
16173	1	M1:SYS_STATUS.current_battery	7.720000000000000e+2
17720	1	M1:SYS_STATUS.voltage_battery	1.131500000000000e+4
17720	1	M1:SYS_STATUS.current_battery	9.580000000000000e+2
19304	1	M1:SYS_STATUS.voltage_battery	1.127400000000000e+4
19304	1	M1:SYS_STATUS.current_battery	9.750000000000000e+2
20910	1	M1:SYS_STATUS.voltage_battery	1.131100000000000e+4
20910	1	M1:SYS_STATUS.current_battery	1.004000000000000e+3
22528	1	M1:SYS_STATUS.voltage_battery	1.127300000000000e+4
22528	1	M1:SYS_STATUS.current_battery	1.013000000000000e+3
24148	1	M1:SYS_STATUS.voltage_battery	1.129400000000000e+4
24148	1	M1:SYS_STATUS.current_battery	1.023000000000000e+3
25769	1	M1:SYS_STATUS.voltage_battery	1.130900000000000e+4
25769	1	M1:SYS_STATUS.current_battery	1.007000000000000e+3
27384	1	M1:SYS_STATUS.voltage_battery	1.130700000000000e+4
27384	1	M1:SYS_STATUS.current_battery	1.009000000000000e+3
29001	1	M1:SYS_STATUS.voltage_battery	1.129100000000000e+4
29001	1	M1:SYS_STATUS.current_battery	1.034000000000000e+3
30618	1	M1:SYS_STATUS.voltage_battery	1.130100000000000e+4
30618	1	M1:SYS_STATUS.current_battery	1.024000000000000e+3
32236	1	M1:SYS_STATUS.voltage_battery	1.125500000000000e+4
32236	1	M1:SYS_STATUS.current_battery	1.025000000000000e+3
33853	1	M1:SYS_STATUS.voltage_battery	1.128800000000000e+4
33853	1	M1:SYS_STATUS.current_battery	1.046000000000000e+3
35472	1	M1:SYS_STATUS.voltage_battery	1.128800000000000e+4
35472	1	M1:SYS_STATUS.current_battery	1.033000000000000e+3
36986	1	M1:SYS_STATUS.voltage_battery	1.130400000000000e+4
36986	1	M1:SYS_STATUS.current_battery	1.055000000000000e+3
38588	1	M1:SYS_STATUS.voltage_battery	1.127300000000000e+4
38588	1	M1:SYS_STATUS.current_battery	1.056000000000000e+3
40323	1	M1:SYS_STATUS.voltage_battery	1.129500000000000e+4
40323	1	M1:SYS_STATUS.current_battery	1.039000000000000e+3
41838	1	M1:SYS_STATUS.voltage_battery	1.129500000000000e+4
41838	1	M1:SYS_STATUS.current_battery	1.052000000000000e+3
43421	1	M1:SYS_STATUS.voltage_battery	1.121100000000000e+4
43421	1	M1:SYS_STATUS.current_battery	1.061000000000000e+3
45047	1	M1:SYS_STATUS.voltage_battery	1.126100000000000e+4
45047	1	M1:SYS_STATUS.current_battery	1.075000000000000e+3
46684	1	M1:SYS_STATUS.voltage_battery	1.128900000000000e+4
46684	1	M1:SYS_STATUS.current_battery	1.052000000000000e+3
48298	1	M1:SYS_STATUS.voltage_battery	1.123400000000000e+4
48298	1	M1:SYS_STATUS.current_battery	1.058000000000000e+3
49914	1	M1:SYS_STATUS.voltage_battery	1.127400000000000e+4
49914	1	M1:SYS_STATUS.current_battery	1.046000000000000e+3
51532	1	M1:SYS_STATUS.voltage_battery	1.130500000000000e+4
51532	1	M1:SYS_STATUS.current_battery	1.019000000000000e+3
53154	1	M1:SYS_STATUS.voltage_battery	1.128600000000000e+4
53154	1	M1:SYS_STATUS.current_battery	1.048000000000000e+3
54769	1	M1:SYS_STATUS.voltage_battery	1.130100000000000e+4
54769	1	M1:SYS_STATUS.current_battery	1.068000000000000e+3
56392	1	M1:SYS_STATUS.voltage_battery	1.129400000000000e+4
56392	1	M1:SYS_STATUS.current_battery	1.035000000000000e+3
58014	1	M1:SYS_STATUS.voltage_battery	1.125900000000000e+4
58014	1	M1:SYS_STATUS.current_battery	1.052000000000000e+3
59625	1	M1:SYS_STATUS.voltage_battery	1.129900000000000e+4
59625	1	M1:SYS_STATUS.current_battery	1.078000000000000e+3
61138	1	M1:SYS_STATUS.voltage_battery	1.130300000000000e+4
61138	1	M1:SYS_STATUS.current_battery	1.084000000000000e+3
62861	1	M1:SYS_STATUS.voltage_battery	1.125900000000000e+4
62861	1	M1:SYS_STATUS.current_battery	1.055000000000000e+3
64361	1	M1:SYS_STATUS.voltage_battery	1.128400000000000e+4
64361	1	M1:SYS_STATUS.current_battery	1.050000000000000e+3
65969	1	M1:SYS_STATUS.voltage_battery	1.129100000000000e+4
65969	1	M1:SYS_STATUS.current_battery	1.042000000000000e+3
67621	1	M1:SYS_STATUS.voltage_battery	1.126500000000000e+4
67621	1	M1:SYS_STATUS.current_battery	1.028000000000000e+3
69216	1	M1:SYS_STATUS.voltage_battery	1.130000000000000e+4
69216	1	M1:SYS_STATUS.current_battery	1.035000000000000e+3
70856	1	M1:SYS_STATUS.voltage_battery	1.125700000000000e+4
70856	1	M1:SYS_STATUS.current_battery	1.029000000000000e+3
72452	1	M1:SYS_STATUS.voltage_battery	1.128500000000000e+4
72452	1	M1:SYS_STATUS.current_battery	1.062000000000000e+3
74070	1	M1:SYS_STATUS.voltage_battery	1.128900000000000e+4
74070	1	M1:SYS_STATUS.current_battery	1.058000000000000e+3
75695	1	M1:SYS_STATUS.voltage_battery	1.130200000000000e+4
75695	1	M1:SYS_STATUS.current_battery	1.040000000000000e+3
77302	1	M1:SYS_STATUS.voltage_battery	1.131900000000000e+4
77302	1	M1:SYS_STATUS.current_battery	1.053000000000000e+3
78920	1	M1:SYS_STATUS.voltage_battery	1.125200000000000e+4
78920	1	M1:SYS_STATUS.current_battery	1.048000000000000e+3
80538	1	M1:SYS_STATUS.voltage_battery	1.129200000000000e+4
80538	1	M1:SYS_STATUS.current_battery	1.044000000000000e+3
82159	1	M1:SYS_STATUS.voltage_battery	1.127700000000000e+4
82159	1	M1:SYS_STATUS.current_battery	1.061000000000000e+3
83691	1	M1:SYS_STATUS.voltage_battery	1.130000000000000e+4
83691	1	M1:SYS_STATUS.current_battery	1.061000000000000e+3
85272	1	M1:SYS_STATUS.voltage_battery	1.129700000000000e+4
85272	1	M1:SYS_STATUS.current_battery	1.029000000000000e+3
86891	1	M1:SYS_STATUS.voltage_battery	1.130700000000000e+4
86891	1	M1:SYS_STATUS.current_battery	1.044000000000000e+3
88497	1	M1:SYS_STATUS.voltage_battery	1.129100000000000e+4
88497	1	M1:SYS_STATUS.current_battery	1.057000000000000e+3
90120	1	M1:SYS_STATUS.voltage_battery	1.126800000000000e+4
90120	1	M1:SYS_STATUS.current_battery	1.059000000000000e+3
91733	1	M1:SYS_STATUS.voltage_battery	1.128700000000000e+4
91733	1	M1:SYS_STATUS.current_battery	1.053000000000000e+3
93361	1	M1:SYS_STATUS.voltage_battery	1.123800000000000e+4
93361	1	M1:SYS_STATUS.current_battery	1.044000000000000e+3
94976	1	M1:SYS_STATUS.voltage_battery	1.128900000000000e+4
94976	1	M1:SYS_STATUS.current_battery	1.065000000000000e+3
96607	1	M1:SYS_STATUS.voltage_battery	1.129400000000000e+4
96607	1	M1:SYS_STATUS.current_battery	1.053000000000000e+3
98220	1	M1:SYS_STATUS.voltage_battery	1.123000000000000e+4
98220	1	M1:SYS_STATUS.current_battery	1.070000000000000e+3
99835	1	M1:SYS_STATUS.voltage_battery	1.128800000000000e+4
99835	1	M1:SYS_STATUS.current_battery	1.087000000000000e+3
101459	1	M1:SYS_STATUS.voltage_battery	1.130300000000000e+4
101459	1	M1:SYS_STATUS.current_battery	1.046000000000000e+3
103100	1	M1:SYS_STATUS.voltage_battery	1.128900000000000e+4
103100	1	M1:SYS_STATUS.current_battery	1.032000000000000e+3
104692	1	M1:SYS_STATUS.voltage_battery	1.129400000000000e+4
104692	1	M1:SYS_STATUS.current_battery	1.033000000000000e+3
106304	1	M1:SYS_STATUS.voltage_battery	1.129200000000000e+4
106304	1	M1:SYS_STATUS.current_battery	1.032000000000000e+3
107924	1	M1:SYS_STATUS.voltage_battery	1.130800000000000e+4
107924	1	M1:SYS_STATUS.current_battery	1.040000000000000e+3
109430	1	M1:SYS_STATUS.voltage_battery	1.129700000000000e+4
109430	1	M1:SYS_STATUS.current_battery	1.036000000000000e+3
111050	1	M1:SYS_STATUS.voltage_battery	1.130700000000000e+4
111050	1	M1:SYS_STATUS.current_battery	1.022000000000000e+3
112691	1	M1:SYS_STATUS.voltage_battery	1.129100000000000e+4
112691	1	M1:SYS_STATUS.current_battery	1.040000000000000e+3
114292	1	M1:SYS_STATUS.voltage_battery	1.130800000000000e+4
114292	1	M1:SYS_STATUS.current_battery	1.062000000000000e+3
115888	1	M1:SYS_STATUS.voltage_battery	1.129500000000000e+4
115888	1	M1:SYS_STATUS.current_battery	1.033000000000000e+3
117519	1	M1:SYS_STATUS.voltage_battery	1.129500000000000e+4
117519	1	M1:SYS_STATUS.current_battery	1.033000000000000e+3
119143	1	M1:SYS_STATUS.voltage_battery	1.125500000000000e+4
119143	1	M1:SYS_STATUS.current_battery	1.046000000000000e+3
120752	1	M1:SYS_STATUS.voltage_battery	1.129600000000000e+4
120752	1	M1:SYS_STATUS.current_battery	1.056000000000000e+3
122366	1	M1:SYS_STATUS.voltage_battery	1.129700000000000e+4
122366	1	M1:SYS_STATUS.current_battery	1.047000000000000e+3
123988	1	M1:SYS_STATUS.voltage_battery	1.131500000000000e+4
123988	1	M1:SYS_STATUS.current_battery	1.036000000000000e+3
125618	1	M1:SYS_STATUS.voltage_battery	1.130400000000000e+4
125618	1	M1:SYS_STATUS.current_battery	1.047000000000000e+3
127223	1	M1:SYS_STATUS.voltage_battery	1.130200000000000e+4
127223	1	M1:SYS_STATUS.current_battery	1.047000000000000e+3
128855	1	M1:SYS_STATUS.voltage_battery	1.121400000000000e+4
128855	1	M1:SYS_STATUS.current_battery	1.033000000000000e+3
130457	1	M1:SYS_STATUS.voltage_battery	1.128900000000000e+4
130457	1	M1:SYS_STATUS.current_battery	1.022000000000000e+3
132074	1	M1:SYS_STATUS.voltage_battery	1.130500000000000e+4
132074	1	M1:SYS_STATUS.current_battery	1.051000000000000e+3
133604	1	M1:SYS_STATUS.voltage_battery	1.128100000000000e+4
133604	1	M1:SYS_STATUS.current_battery	1.054000000000000e+3
135204	1	M1:SYS_STATUS.voltage_battery	1.130700000000000e+4
135204	1	M1:SYS_STATUS.current_battery	1.035000000000000e+3
136797	1	M1:SYS_STATUS.voltage_battery	1.129800000000000e+4
136797	1	M1:SYS_STATUS.current_battery	1.032000000000000e+3
138416	1	M1:SYS_STATUS.voltage_battery	1.131500000000000e+4
138416	1	M1:SYS_STATUS.current_battery	1.038000000000000e+3
140038	1	M1:SYS_STATUS.voltage_battery	1.129700000000000e+4
140038	1	M1:SYS_STATUS.current_battery	1.066000000000000e+3
141661	1	M1:SYS_STATUS.voltage_battery	1.130600000000000e+4
141661	1	M1:SYS_STATUS.current_battery	1.065000000000000e+3
143284	1	M1:SYS_STATUS.voltage_battery	1.129500000000000e+4
143284	1	M1:SYS_STATUS.current_battery	1.060000000000000e+3
144903	1	M1:SYS_STATUS.voltage_battery	1.127500000000000e+4
144903	1	M1:SYS_STATUS.current_battery	1.041000000000000e+3
146526	1	M1:SYS_STATUS.voltage_battery	1.130000000000000e+4
146526	1	M1:SYS_STATUS.current_battery	1.052000000000000e+3
148145	1	M1:SYS_STATUS.voltage_battery	1.130900000000000e+4
148145	1	M1:SYS_STATUS.current_battery	1.042000000000000e+3
149760	1	M1:SYS_STATUS.voltage_battery	1.131000000000000e+4
149760	1	M1:SYS_STATUS.current_battery	1.037000000000000e+3
151372	1	M1:SYS_STATUS.voltage_battery	1.129600000000000e+4
151372	1	M1:SYS_STATUS.current_battery	1.035000000000000e+3
152995	1	M1:SYS_STATUS.voltage_battery	1.131300000000000e+4
152995	1	M1:SYS_STATUS.current_battery	1.022000000000000e+3
154617	1	M1:SYS_STATUS.voltage_battery	1.128400000000000e+4
154617	1	M1:SYS_STATUS.current_battery	1.024000000000000e+3
156121	1	M1:SYS_STATUS.voltage_battery	1.130700000000000e+4
156121	1	M1:SYS_STATUS.current_battery	1.016000000000000e+3
157845	1	M1:SYS_STATUS.voltage_battery	1.129900000000000e+4
157845	1	M1:SYS_STATUS.current_battery	1.003000000000000e+3
159352	1	M1:SYS_STATUS.voltage_battery	1.129700000000000e+4
159352	1	M1:SYS_STATUS.current_battery	1.037000000000000e+3
160968	1	M1:SYS_STATUS.voltage_battery	1.131000000000000e+4
160968	1	M1:SYS_STATUS.current_battery	1.020000000000000e+3
162596	1	M1:SYS_STATUS.voltage_battery	1.131100000000000e+4
162596	1	M1:SYS_STATUS.current_battery	1.028000000000000e+3
164190	1	M1:SYS_STATUS.voltage_battery	1.130100000000000e+4
164190	1	M1:SYS_STATUS.current_battery	1.047000000000000e+3
165819	1	M1:SYS_STATUS.voltage_battery	1.130300000000000e+4
165819	1	M1:SYS_STATUS.current_battery	1.029000000000000e+3
167437	1	M1:SYS_STATUS.voltage_battery	1.130300000000000e+4
167437	1	M1:SYS_STATUS.current_battery	1.040000000000000e+3
169055	1	M1:SYS_STATUS.voltage_battery	1.128200000000000e+4
169055	1	M1:SYS_STATUS.current_battery	1.046000000000000e+3
170689	1	M1:SYS_STATUS.voltage_battery	1.130700000000000e+4
170689	1	M1:SYS_STATUS.current_battery	1.026000000000000e+3
172293	1	M1:SYS_STATUS.voltage_battery	1.131600000000000e+4
172293	1	M1:SYS_STATUS.current_battery	1.017000000000000e+3
173922	1	M1:SYS_STATUS.voltage_battery	1.130800000000000e+4
173922	1	M1:SYS_STATUS.current_battery	1.032000000000000e+3
175526	1	M1:SYS_STATUS.voltage_battery	1.130900000000000e+4
175526	1	M1:SYS_STATUS.current_battery	1.027000000000000e+3
177145	1	M1:SYS_STATUS.voltage_battery	1.131300000000000e+4
177145	1	M1:SYS_STATUS.current_battery	1.012000000000000e+3
178758	1	M1:SYS_STATUS.voltage_battery	1.130600000000000e+4
178758	1	M1:SYS_STATUS.current_battery	1.034000000000000e+3
180273	1	M1:SYS_STATUS.voltage_battery	1.131100000000000e+4
180273	1	M1:SYS_STATUS.current_battery	1.012000000000000e+3
182000	1	M1:SYS_STATUS.voltage_battery	1.130900000000000e+4
182000	1	M1:SYS_STATUS.current_battery	1.013000000000000e+3
183508	1	M1:SYS_STATUS.voltage_battery	1.129800000000000e+4
183508	1	M1:SYS_STATUS.current_battery	1.004000000000000e+3
185119	1	M1:SYS_STATUS.voltage_battery	1.130700000000000e+4
185119	1	M1:SYS_STATUS.current_battery	1.025000000000000e+3
186745	1	M1:SYS_STATUS.voltage_battery	1.130200000000000e+4
186745	1	M1:SYS_STATUS.current_battery	1.033000000000000e+3
188346	1	M1:SYS_STATUS.voltage_battery	1.123900000000000e+4
188346	1	M1:SYS_STATUS.current_battery	1.055000000000000e+3
189963	1	M1:SYS_STATUS.voltage_battery	1.125800000000000e+4
189963	1	M1:SYS_STATUS.current_battery	1.077000000000000e+3
191611	1	M1:SYS_STATUS.voltage_battery	1.129700000000000e+4
191611	1	M1:SYS_STATUS.current_battery	1.052000000000000e+3
193206	1	M1:SYS_STATUS.voltage_battery	1.128600000000000e+4
193206	1	M1:SYS_STATUS.current_battery	1.042000000000000e+3
194823	1	M1:SYS_STATUS.voltage_battery	1.130400000000000e+4
194823	1	M1:SYS_STATUS.current_battery	1.052000000000000e+3
196445	1	M1:SYS_STATUS.voltage_battery	1.128600000000000e+4
196445	1	M1:SYS_STATUS.current_battery	1.032000000000000e+3
198064	1	M1:SYS_STATUS.voltage_battery	1.129500000000000e+4
198064	1	M1:SYS_STATUS.current_battery	1.015000000000000e+3
199678	1	M1:SYS_STATUS.voltage_battery	1.129600000000000e+4
199678	1	M1:SYS_STATUS.current_battery	1.023000000000000e+3
201301	1	M1:SYS_STATUS.voltage_battery	1.131000000000000e+4
201301	1	M1:SYS_STATUS.current_battery	1.028000000000000e+3
202917	1	M1:SYS_STATUS.voltage_battery	1.130000000000000e+4
202917	1	M1:SYS_STATUS.current_battery	1.027000000000000e+3
204418	1	M1:SYS_STATUS.voltage_battery	1.131100000000000e+4
204418	1	M1:SYS_STATUS.current_battery	1.019000000000000e+3
206039	1	M1:SYS_STATUS.voltage_battery	1.131000000000000e+4
206039	1	M1:SYS_STATUS.current_battery	1.007000000000000e+3
207782	1	M1:SYS_STATUS.voltage_battery	1.131800000000000e+4
207782	1	M1:SYS_STATUS.current_battery	1.033000000000000e+3
209297	1	M1:SYS_STATUS.voltage_battery	1.131800000000000e+4
209297	1	M1:SYS_STATUS.current_battery	1.039000000000000e+3
210882	1	M1:SYS_STATUS.voltage_battery	1.129000000000000e+4
210882	1	M1:SYS_STATUS.current_battery	1.055000000000000e+3
212503	1	M1:SYS_STATUS.voltage_battery	1.130400000000000e+4
212503	1	M1:SYS_STATUS.current_battery	1.045000000000000e+3
214123	1	M1:SYS_STATUS.voltage_battery	1.123700000000000e+4
214123	1	M1:SYS_STATUS.current_battery	1.029000000000000e+3
215747	1	M1:SYS_STATUS.voltage_battery	1.128500000000000e+4
215747	1	M1:SYS_STATUS.current_battery	1.047000000000000e+3
217361	1	M1:SYS_STATUS.voltage_battery	1.131300000000000e+4
217361	1	M1:SYS_STATUS.current_battery	1.030000000000000e+3
218979	1	M1:SYS_STATUS.voltage_battery	1.129800000000000e+4
218979	1	M1:SYS_STATUS.current_battery	1.042000000000000e+3
220597	1	M1:SYS_STATUS.voltage_battery	1.131200000000000e+4
220597	1	M1:SYS_STATUS.current_battery	1.036000000000000e+3
222212	1	M1:SYS_STATUS.voltage_battery	1.129700000000000e+4
222212	1	M1:SYS_STATUS.current_battery	1.035000000000000e+3
223830	1	M1:SYS_STATUS.voltage_battery	1.131400000000000e+4
223830	1	M1:SYS_STATUS.current_battery	1.038000000000000e+3
225450	1	M1:SYS_STATUS.voltage_battery	1.130300000000000e+4
225450	1	M1:SYS_STATUS.current_battery	1.047000000000000e+3
227068	1	M1:SYS_STATUS.voltage_battery	1.130900000000000e+4
227068	1	M1:SYS_STATUS.current_battery	1.041000000000000e+3
228563	1	M1:SYS_STATUS.voltage_battery	1.123700000000000e+4
228563	1	M1:SYS_STATUS.current_battery	1.020000000000000e+3
230185	1	M1:SYS_STATUS.voltage_battery	1.128900000000000e+4
230185	1	M1:SYS_STATUS.current_battery	1.011000000000000e+3
231919	1	M1:SYS_STATUS.voltage_battery	1.131600000000000e+4
231919	1	M1:SYS_STATUS.current_battery	1.016000000000000e+3
233403	1	M1:SYS_STATUS.voltage_battery	1.125400000000000e+4
233403	1	M1:SYS_STATUS.current_battery	6.180000000000000e+2
235034	1	M1:SYS_STATUS.voltage_battery	1.141300000000000e+4
235034	1	M1:SYS_STATUS.current_battery	4.100000000000000e+1
